<?xml version="1.0" encoding="UTF-8"?>
<testng-results ignored="0" total="3" passed="3" failed="0" skipped="0">
  <reporter-output>
  </reporter-output>
  <suite started-at="2023-09-21T09:11:48 GST" name="Cross-Platform" finished-at="2023-09-21T09:12:20 GST" duration-ms="31643">
    <groups>
    </groups>
    <test started-at="2023-09-21T09:11:48 GST" name="BStackDemo-0" finished-at="2023-09-21T09:12:04 GST" duration-ms="16283">
      <class name="org.browserstack.test.DemoQAStepDef">
        <test-method is-config="true" signature="getDriver()[pri:0, instance:org.browserstack.test.DemoQAStepDef@585811a4]" started-at="2023-09-21T09:11:48 GST" name="getDriver" finished-at="2023-09-21T09:11:55 GST" duration-ms="7429" status="PASS">
          <reporter-output>
          </reporter-output>
        </test-method> <!-- getDriver -->
        <test-method signature="validateApplicationDetails()[pri:0, instance:org.browserstack.test.DemoQAStepDef@585811a4]" started-at="2023-09-21T09:11:55 GST" name="validateApplicationDetails" finished-at="2023-09-21T09:12:03 GST" duration-ms="7384" status="PASS">
          <reporter-output>
          </reporter-output>
        </test-method> <!-- validateApplicationDetails -->
        <test-method is-config="true" signature="tearDownDriver()[pri:0, instance:org.browserstack.test.DemoQAStepDef@585811a4]" started-at="2023-09-21T09:12:03 GST" name="tearDownDriver" finished-at="2023-09-21T09:12:04 GST" duration-ms="1274" status="PASS">
          <reporter-output>
          </reporter-output>
        </test-method> <!-- tearDownDriver -->
      </class> <!-- org.browserstack.test.DemoQAStepDef -->
    </test> <!-- BStackDemo-0 -->
    <test started-at="2023-09-21T09:11:48 GST" name="BStackDemo-2" finished-at="2023-09-21T09:12:09 GST" duration-ms="21301">
      <class name="org.browserstack.test.DemoQAStepDef">
        <test-method is-config="true" signature="getDriver()[pri:0, instance:org.browserstack.test.DemoQAStepDef@5bd1ceca]" started-at="2023-09-21T09:11:48 GST" name="getDriver" finished-at="2023-09-21T09:12:00 GST" duration-ms="11540" status="PASS">
          <reporter-output>
          </reporter-output>
        </test-method> <!-- getDriver -->
        <test-method signature="validateApplicationDetails()[pri:0, instance:org.browserstack.test.DemoQAStepDef@5bd1ceca]" started-at="2023-09-21T09:12:00 GST" name="validateApplicationDetails" finished-at="2023-09-21T09:12:08 GST" duration-ms="8111" status="PASS">
          <reporter-output>
          </reporter-output>
        </test-method> <!-- validateApplicationDetails -->
        <test-method is-config="true" signature="tearDownDriver()[pri:0, instance:org.browserstack.test.DemoQAStepDef@5bd1ceca]" started-at="2023-09-21T09:12:08 GST" name="tearDownDriver" finished-at="2023-09-21T09:12:09 GST" duration-ms="1442" status="PASS">
          <reporter-output>
          </reporter-output>
        </test-method> <!-- tearDownDriver -->
      </class> <!-- org.browserstack.test.DemoQAStepDef -->
    </test> <!-- BStackDemo-2 -->
    <test started-at="2023-09-21T09:11:48 GST" name="BStackDemo-1" finished-at="2023-09-21T09:12:20 GST" duration-ms="31643">
      <class name="org.browserstack.test.DemoQAStepDef">
        <test-method is-config="true" signature="getDriver()[pri:0, instance:org.browserstack.test.DemoQAStepDef@1a15b789]" started-at="2023-09-21T09:11:48 GST" name="getDriver" finished-at="2023-09-21T09:12:05 GST" duration-ms="16853" status="PASS">
          <reporter-output>
          </reporter-output>
        </test-method> <!-- getDriver -->
        <test-method signature="validateApplicationDetails()[pri:0, instance:org.browserstack.test.DemoQAStepDef@1a15b789]" started-at="2023-09-21T09:12:05 GST" name="validateApplicationDetails" finished-at="2023-09-21T09:12:18 GST" duration-ms="12759" status="PASS">
          <reporter-output>
          </reporter-output>
        </test-method> <!-- validateApplicationDetails -->
        <test-method is-config="true" signature="tearDownDriver()[pri:0, instance:org.browserstack.test.DemoQAStepDef@1a15b789]" started-at="2023-09-21T09:12:18 GST" name="tearDownDriver" finished-at="2023-09-21T09:12:20 GST" duration-ms="1741" status="PASS">
          <reporter-output>
          </reporter-output>
        </test-method> <!-- tearDownDriver -->
      </class> <!-- org.browserstack.test.DemoQAStepDef -->
    </test> <!-- BStackDemo-1 -->
  </suite> <!-- Cross-Platform -->
</testng-results>
